dataset/positivas\1.png 1 610 306 146 184
dataset/positivas\10.jpg 1 186 171 110 150
dataset/positivas\100.jpg 1 399 318 437 223
dataset/positivas\101.jpg 1 53 17 108 128
dataset/positivas\102.jpeg 1 100 53 70 89
dataset/positivas\103.jpg 1 166 30 58 58
dataset/positivas\104.jpg 1 90 17 99 191
dataset/positivas\105.jpg 1 56 34 95 130
dataset/positivas\106.jpg 1 445 589 268 171
dataset/positivas\107.jpg 1 487 294 125 106
dataset/positivas\108.jpg 1 330 298 481 174
dataset/positivas\109.jpeg 1 60 93 32 34
dataset/positivas\11.jpg 1 905 19 338 501
dataset/positivas\110.jpg 1 164 1 431 532
dataset/positivas\111.jpg 1 160 26 74 126
dataset/positivas\113.jpg 1 44 18 140 163
dataset/positivas\114.jpg 1 107 56 92 105
dataset/positivas\115.jpg 1 98 18 83 189
dataset/positivas\116.jpg 1 285 332 197 253
dataset/positivas\117.jpg 1 99 31 103 137
dataset/positivas\118.jpg 1 154 67 261 154
dataset/positivas\119.jpg 1 500 211 236 429
dataset/positivas\12.jpg 1 24 80 97 80
dataset/positivas\120.jpg 1 28 2 109 63
dataset/positivas\13.jpg 1 61 79 44 59
dataset/positivas\14.jpg 1 116 38 97 139
dataset/positivas\15.jpg 1 7 51 172 175
dataset/positivas\17.jpg 1 141 37 49 88
dataset/positivas\18.jpg 1 14 33 116 157
dataset/positivas\19.jpeg 1 61 25 141 86
dataset/positivas\2.jpg 1 44 39 137 127
dataset/positivas\20.jpg 1 404 28 452 557
dataset/positivas\21.jpg 1 47 55 192 78
dataset/positivas\22.png 1 67 2 283 390
dataset/positivas\23.jpg 1 9 51 122 78
dataset/positivas\24.jpg 1 94 11 105 207
dataset/positivas\25.jpg 1 609 260 135 191
dataset/positivas\26.jpg 1 157 46 27 47
dataset/positivas\27.jpg 1 90 15 76 144
dataset/positivas\28.jpg 1 336 83 238 297
dataset/positivas\29.jpg 1 100 48 90 58
dataset/positivas\3.jpeg 1 125 89 39 69
dataset/positivas\30.jpg 1 99 0 113 224
dataset/positivas\32.jpg 1 249 59 44 54
dataset/positivas\33.jpeg 1 114 37 163 126
dataset/positivas\34.jpeg 1 23 16 97 140
dataset/positivas\35.png 1 207 116 200 226
dataset/positivas\36.jpeg 1 212 53 28 34
dataset/positivas\37.jpg 1 15 97 120 67
dataset/positivas\38.jpg 1 440 373 224 264
dataset/positivas\39.jpeg 1 159 24 75 133
dataset/positivas\4.jpg 1 154 100 63 58
dataset/positivas\41.jpeg 1 138 97 87 40
dataset/positivas\42.jpeg 1 122 59 86 67
dataset/positivas\43.jpg 1 86 16 133 101
dataset/positivas\44.jpg 1 108 0 110 168
dataset/positivas\45.jpg 1 81 68 134 56
dataset/positivas\46.jpg 1 75 83 140 76
dataset/positivas\47.jpg 1 62 16 80 154
dataset/positivas\48.jpg 1 445 101 448 303
dataset/positivas\49.jpg 1 189 45 44 86
dataset/positivas\5.jpg 1 369 249 571 511
dataset/positivas\50.jpg 1 124 41 104 102
dataset/positivas\51.jpg 1 69 1 129 153
dataset/positivas\52.jpeg 1 477 83 111 114
dataset/positivas\53.jpg 1 52 160 60 61
dataset/positivas\54.jpg 1 227 250 209 358
dataset/positivas\55.jpg 1 149 122 35 27
dataset/positivas\56.jpg 1 174 58 229 405
dataset/positivas\57.jpg 1 192 7 323 539
dataset/positivas\58.jpg 1 145 56 76 46
dataset/positivas\59.jpg 1 220 81 41 47
dataset/positivas\6.jpg 1 106 35 64 115
dataset/positivas\60.jpg 1 113 42 35 52
dataset/positivas\61.jpg 1 387 222 99 90
dataset/positivas\62.jpg 1 83 44 36 35
dataset/positivas\63.jpg 1 83 0 114 152
dataset/positivas\64.jpg 1 362 14 516 819
dataset/positivas\65.png 1 208 5 337 666
dataset/positivas\66.jpg 1 642 321 305 274
dataset/positivas\67.jpg 1 63 19 329 285
dataset/positivas\68.jpg 1 75 27 206 151
dataset/positivas\69.jpeg 1 30 89 54 62
dataset/positivas\71.jpg 1 138 34 368 268
dataset/positivas\72.jpg 1 28 30 155 167
dataset/positivas\73.jpg 1 116 90 178 263
dataset/positivas\74.jpg 1 136 74 69 70
dataset/positivas\75.jpg 1 66 24 154 97
dataset/positivas\76.jpeg 1 119 58 231 433
dataset/positivas\77.jpg 1 12 82 130 70
dataset/positivas\78.jpg 1 149 37 67 106
dataset/positivas\79.jpg 1 113 19 37 47
dataset/positivas\8.png 1 349 27 274 556
dataset/positivas\80.jpg 1 407 17 511 749
dataset/positivas\81.jpg 1 50 1 151 127
dataset/positivas\82.jpg 1 393 215 85 96
dataset/positivas\84.jpg 1 64 26 179 104
dataset/positivas\85.jpg 1 124 0 94 153
dataset/positivas\86.jpg 1 432 235 129 119
dataset/positivas\87.jpg 1 79 19 109 135
dataset/positivas\88.jpg 1 479 173 104 159
dataset/positivas\89.jpg 1 137 91 69 53
dataset/positivas\9.jpg 1 33 79 127 76
dataset/positivas\90.jpeg 1 136 74 88 111
dataset/positivas\91.jpeg 1 67 73 57 79
dataset/positivas\92.jpeg 1 171 64 71 61
dataset/positivas\93.jpg 1 595 283 130 141
dataset/positivas\94.jpg 1 224 426 141 174
dataset/positivas\95.jpg 1 93 22 95 183
dataset/positivas\97.png 1 0 15 446 601
dataset/positivas\98.jpg 1 366 138 77 53
dataset/positivas\99.jpg 1 36 79 54 41
